
$ uv sync --reinstall-package turbogator
Resolved 49 packages in 1ms
   Building turbogator @ file:///home/mihai/aos/workspaces/1780104738_lmg
      Built turbogator @ file:///home/mihai/aos/workspaces/1780104738_lmg
Prepared 1 package in 1m 07s
Uninstalled 1 package in 0.74ms
Installed 1 package in 1ms
 - turbogator==0.1.0 (from file:///home/mihai/aos/workspaces/1780102345_lmg)
 + turbogator==0.1.0 (from file:///home/mihai/aos/workspaces/1780104738_lmg)

=== Stage: Validate ===

sample compile command:
  /usr/bin/c++  -pthread -DUSE_C10D_GLOO -DUSE_DISTRIBUTED -DUSE_RPC -DUSE_TENSORPIPE -Dturbogator_ext_EXPORTS -I/home/mihai/aos/workspaces/1780104738_lmg/csrc -isystem /home/mihai/aos/shared_venv/lib/python3.12/site-packages/torch/include -isystem /home/mihai/aos/shared_venv/lib/python3.12/site-packages/torch/include/torch/csrc/api/include -isystem /home/mihai/aos/shared_venv/lib/python3.12/site-packages/pybind11/include -isystem /home/mihai/.local/share/uv/python/cpython-3.12-linux-x86_64-gnu/include/python3.12 -O2 -g -DNDEBUG -std=gnu++17 -fPIC -fvisibility=hidden -Wall -Wextra -march=native -O3 -g -fno-tree-vectorize -fno-tree-slp-vectorize -D_GLIBCXX_USE_CXX11_ABI=0 -Winvalid-pch -include /home/mihai/aos/workspaces/1780104738_lmg/build/skbuild/CMakeFiles/turbogator_ext.dir/cmake_pch.hxx -o CMakeFiles/turbogator_ext.dir/csrc/bindings.cpp.o -c /home/mihai/aos/workspaces/1780104738_lmg/csrc/bindings.cpp

turbogator_ext.cpython-312-x86_64-linux-gnu.so: ymm=587 xmm=2930 fma=257

$ /home/mihai/aos/shared_venv/bin/python turbogator/validate.py
Mean absolute difference between implementations: 5.970667071864e-09
Validation OK!

=== Stage: Microbench ===

$ taskset -c 4 /home/mihai/aos/shared_venv/bin/py-spy record -o /home/mihai/aos/workspaces/1780104738_lmg/profile.speedscope.json --format speedscope --rate 100 --native -- /home/mihai/aos/shared_venv/bin/python turbogator/benchmark.py --desc baseline --t 256 --c 16 --warmup 2 --steps 3 --profile none
py-spy> Sampling process 100 times a second. Press Control-C to exit.

[Warmup 01/02] 44.325972 s
[Warmup 02/02] 43.651754 s
[Active 01/03] 43.655594 s
[Active 02/03] 43.706183 s
[Active 03/03] 43.717820 s

==================================================
[Warmup Phase] (2 steps)
  W01: 44.325972 s
  W02: 43.651754 s
Warmup Drop-off: 1.02x
--------------------------------------------------
[Active Phase] (3 steps)
  S01: 43.655594s
  S02: 43.706183s
  S03: 43.717820s
--------------------------------------------------
Metrics:
  Mean   + StdDev : 43.693199s + 0.027012s
  Median + IQR/2  : 43.706183s + 0.015557s
  Min / Max       : 43.655594s / 43.717820s
 Var   : 0.06%
==================================================

{'X': {'B': 8, 'T': 256, 'C_in': 16, 'D': 16}, 'cycles': 109265458547.5}

py-spy> Stopped sampling because process exited
py-spy> Wrote speedscope file to '/home/mihai/aos/workspaces/1780104738_lmg/profile.speedscope.json'. Samples: 22186 Errors: 52
py-spy> Visit https://www.speedscope.app/ to view
Error: No child process (os error 10)
py-spy exited 1 but wrote profile.speedscope.json; continuing

$ taskset -c 4 /home/mihai/aos/shared_venv/bin/python turbogator/benchmark.py --desc baseline --t 256 --c 16 --warmup 2 --steps 3 --profile torch --profile-out /home/mihai/aos/workspaces/1780104738_lmg/pytorch_profile.trace.json

--- PyTorch Memory & CPU Summary ---
-------------------------------------------------  ------------  ------------  ------------  ------------  ------------  ------------  ------------  ------------  ------------  
                                             Name    Self CPU %      Self CPU   CPU total %     CPU total  CPU time avg       CPU Mem  Self CPU Mem    # of Calls  Total MFLOPs  
-------------------------------------------------  ------------  ------------  ------------  ------------  ------------  ------------  ------------  ------------  ------------  
                                      aten::empty         0.00%     889.332us         0.00%     889.332us       6.444us       1.47 Gb       1.47 Gb           138            --  
                              aten::empty_strided         0.00%     269.143us         0.00%     269.143us       4.272us     240.00 Mb     240.00 Mb            63            --  
                                        aten::add         0.02%      19.376ms         0.02%      19.376ms     807.327us      96.00 Mb      96.00 Mb            24        25.166  
                                        aten::cat         0.01%      13.497ms         0.01%      13.497ms       1.125ms      96.00 Mb      96.00 Mb            12            --  
                                        aten::exp         0.00%     208.594us         0.00%     208.594us       8.691us      12.00 Kb      12.00 Kb            24            --  
                                       aten::mean         0.00%      53.144us         0.00%     859.353us     286.451us       1.50 Kb       1.50 Kb             3            --  
                                    ProfilerStep*         0.00%     181.297us       100.00%      125.602s       41.867s           0 b           0 b             3            --  
                                        aten::sum         0.00%     613.525us         0.00%     625.576us     208.525us           0 b           0 b             3            --  
                                      aten::fill_         0.00%      12.051us         0.00%      12.051us       4.017us           0 b           0 b             3            --  
                                         aten::to         0.00%      19.305us         0.00%      96.168us      32.056us          12 b           0 b             3            --  
                                   aten::_to_copy         0.00%      50.138us         0.00%      76.863us      25.621us          12 b           0 b             3            --  
                                      aten::copy_         0.06%      77.904ms         0.06%      77.904ms       1.237ms           0 b           0 b            63            --  
                 turbogator::equi_linear_baseline        86.79%      109.006s        86.79%      109.007s        1.652s     924.38 Mb           0 b            66            --  
               turbogator::equi_rms_norm_baseline         0.02%      20.560ms         0.02%      20.831ms     867.977us      96.00 Mb           0 b            24            --  
                                 aten::empty_like         0.00%     527.433us         0.00%       1.196ms       9.963us     624.00 Mb           0 b           120            --  
-------------------------------------------------  ------------  ------------  ------------  ------------  ------------  ------------  ------------  ------------  ------------  
Self CPU time total: 125.602s


$ perf stat -C 4 --no-big-num -x , -e unc_m_cas_count_rd,unc_m_cas_count_wr -o /home/mihai/aos/workspaces/1780104738_lmg/dram_1.csv -- taskset -c 4 uv run perf stat --control fd:4 --no-big-num -x , -e cpu_core/cycles/,cpu_core/instructions/,cpu_core/FP_ARITH_INST_RETIRED.SCALAR_SINGLE/,cpu_core/FP_ARITH_INST_RETIRED.128B_PACKED_SINGLE/,cpu_core/FP_ARITH_INST_RETIRED.256B_PACKED_SINGLE/,cpu_core/L1-dcache-loads/,cpu_core/L1-dcache-stores/,cpu_core/l2_rqsts.references/,cpu_core/l2_rqsts.miss/,cpu_core/mem_load_retired.l3_miss/ -o /home/mihai/aos/workspaces/1780104738_lmg/perf_1.csv -- python turbogator/benchmark.py --desc baseline --t 32 --c 2 --warmup 3 --steps 5 --out /home/mihai/aos/workspaces/1780104738_lmg/temp_1.json --perf-ctl-fd 5
[Warmup 01/03] 5.305261 s
[Warmup 02/03] 4.833366 s
[Warmup 03/03] 4.832322 s
[Active 01/05] 4.837417 s
[Active 02/05] 4.840185 s
[Active 03/05] 4.840523 s
[Active 04/05] 4.838634 s
[Active 05/05] 4.838300 s

==================================================
[Warmup Phase] (3 steps)
  W01: 5.305261 s
  W02: 4.833366 s
  W03: 4.832322 s
Warmup Drop-off: 1.10x
--------------------------------------------------
[Active Phase] (5 steps)
  S01: 4.837417s
  S02: 4.840185s
  S03: 4.840523s
  S04: 4.838634s
  S05: 4.838300s
--------------------------------------------------
Metrics:
  Mean   + StdDev : 4.839012s + 0.001171s
  Median + IQR/2  : 4.838634s + 0.000943s
  Min / Max       : 4.837417s / 4.840523s
 Var   : 0.02%
==================================================

{'X': {'B': 8, 'T': 32, 'C_in': 2, 'D': 16}, 'cycles': 12096584217.5}

$ perf stat -C 4 --no-big-num -x , -e unc_m_cas_count_rd,unc_m_cas_count_wr -o /home/mihai/aos/workspaces/1780104738_lmg/dram_4.csv -- taskset -c 4 uv run perf stat --control fd:4 --no-big-num -x , -e cpu_core/cycles/,cpu_core/instructions/,cpu_core/FP_ARITH_INST_RETIRED.SCALAR_SINGLE/,cpu_core/FP_ARITH_INST_RETIRED.128B_PACKED_SINGLE/,cpu_core/FP_ARITH_INST_RETIRED.256B_PACKED_SINGLE/,cpu_core/L1-dcache-loads/,cpu_core/L1-dcache-stores/,cpu_core/l2_rqsts.references/,cpu_core/l2_rqsts.miss/,cpu_core/mem_load_retired.l3_miss/ -o /home/mihai/aos/workspaces/1780104738_lmg/perf_4.csv -- python turbogator/benchmark.py --desc baseline --t 128 --c 8 --warmup 3 --steps 5 --out /home/mihai/aos/workspaces/1780104738_lmg/temp_4.json --perf-ctl-fd 5
[Warmup 01/03] 20.392695 s
[Warmup 02/03] 19.933107 s
[Warmup 03/03] 19.928848 s
[Active 01/05] 19.955905 s
[Active 02/05] 19.957885 s
[Active 03/05] 19.954318 s
[Active 04/05] 19.956813 s
[Active 05/05] 19.951050 s

==================================================
[Warmup Phase] (3 steps)
  W01: 20.392695 s
  W02: 19.933107 s
  W03: 19.928848 s
Warmup Drop-off: 1.02x
--------------------------------------------------
[Active Phase] (5 steps)
  S01: 19.955905s
  S02: 19.957885s
  S03: 19.954318s
  S04: 19.956813s
  S05: 19.951050s
--------------------------------------------------
Metrics:
  Mean   + StdDev : 19.955194s + 0.002380s
  Median + IQR/2  : 19.955905s + 0.001248s
  Min / Max       : 19.951050s / 19.957885s
 Var   : 0.01%
==================================================

{'X': {'B': 8, 'T': 128, 'C_in': 8, 'D': 16}, 'cycles': 49889761990.0}

$ perf stat -C 4 --no-big-num -x , -e unc_m_cas_count_rd,unc_m_cas_count_wr -o /home/mihai/aos/workspaces/1780104738_lmg/dram_6.csv -- taskset -c 4 uv run perf stat --control fd:4 --no-big-num -x , -e cpu_core/cycles/,cpu_core/instructions/,cpu_core/FP_ARITH_INST_RETIRED.SCALAR_SINGLE/,cpu_core/FP_ARITH_INST_RETIRED.128B_PACKED_SINGLE/,cpu_core/FP_ARITH_INST_RETIRED.256B_PACKED_SINGLE/,cpu_core/L1-dcache-loads/,cpu_core/L1-dcache-stores/,cpu_core/l2_rqsts.references/,cpu_core/l2_rqsts.miss/,cpu_core/mem_load_retired.l3_miss/ -o /home/mihai/aos/workspaces/1780104738_lmg/perf_6.csv -- python turbogator/benchmark.py --desc baseline --t 192 --c 12 --warmup 3 --steps 5 --out /home/mihai/aos/workspaces/1780104738_lmg/temp_6.json --perf-ctl-fd 5
[Warmup 01/03] 31.114995 s
[Warmup 02/03] 30.670877 s
[Warmup 03/03] 30.667117 s
[Active 01/05] 30.695274 s
[Active 02/05] 30.745652 s
[Active 03/05] 30.727245 s
[Active 04/05] 30.737579 s
[Active 05/05] 30.734082 s

==================================================
[Warmup Phase] (3 steps)
  W01: 31.114995 s
  W02: 30.670877 s
  W03: 30.667117 s
Warmup Drop-off: 1.01x
--------------------------------------------------
[Active Phase] (5 steps)
  S01: 30.695274s
  S02: 30.745652s
  S03: 30.727245s
  S04: 30.737579s
  S05: 30.734082s
--------------------------------------------------
Metrics:
  Mean   + StdDev : 30.727966s + 0.017389s
  Median + IQR/2  : 30.734082s + 0.005167s
  Min / Max       : 30.695274s / 30.745652s
 Var   : 0.06%
==================================================

{'X': {'B': 8, 'T': 192, 'C_in': 12, 'D': 16}, 'cycles': 76835205742.5}

$ perf stat -C 4 --no-big-num -x , -e unc_m_cas_count_rd,unc_m_cas_count_wr -o /home/mihai/aos/workspaces/1780104738_lmg/dram_16.csv -- taskset -c 4 uv run perf stat --control fd:4 --no-big-num -x , -e cpu_core/cycles/,cpu_core/instructions/,cpu_core/FP_ARITH_INST_RETIRED.SCALAR_SINGLE/,cpu_core/FP_ARITH_INST_RETIRED.128B_PACKED_SINGLE/,cpu_core/FP_ARITH_INST_RETIRED.256B_PACKED_SINGLE/,cpu_core/L1-dcache-loads/,cpu_core/L1-dcache-stores/,cpu_core/l2_rqsts.references/,cpu_core/l2_rqsts.miss/,cpu_core/mem_load_retired.l3_miss/ -o /home/mihai/aos/workspaces/1780104738_lmg/perf_16.csv -- python turbogator/benchmark.py --desc baseline --t 512 --c 32 --warmup 3 --steps 5 --out /home/mihai/aos/workspaces/1780104738_lmg/temp_16.json --perf-ctl-fd 5
[Warmup 01/03] 92.016966 s
[Warmup 02/03] 91.414924 s
[Warmup 03/03] 91.409518 s
[Active 01/05] 91.551334 s
[Active 02/05] 91.564762 s
[Active 03/05] 91.561431 s
[Active 04/05] 91.547595 s
[Active 05/05] 91.549686 s

==================================================
[Warmup Phase] (3 steps)
  W01: 92.016966 s
  W02: 91.414924 s
  W03: 91.409518 s
Warmup Drop-off: 1.01x
--------------------------------------------------
[Active Phase] (5 steps)
  S01: 91.551334s
  S02: 91.564762s
  S03: 91.561431s
  S04: 91.547595s
  S05: 91.549686s
--------------------------------------------------
Metrics:
  Mean   + StdDev : 91.554962s + 0.006829s
  Median + IQR/2  : 91.551334s + 0.005873s
  Min / Max       : 91.547595s / 91.564762s
 Var   : 0.01%
==================================================

{'X': {'B': 8, 'T': 512, 'C_in': 32, 'D': 16}, 'cycles': 228878334315.0}

$ perf stat -C 4 --no-big-num -x , -e unc_m_cas_count_rd,unc_m_cas_count_wr -o /home/mihai/aos/workspaces/1780104738_lmg/dram_32.csv -- taskset -c 4 uv run perf stat --control fd:4 --no-big-num -x , -e cpu_core/cycles/,cpu_core/instructions/,cpu_core/FP_ARITH_INST_RETIRED.SCALAR_SINGLE/,cpu_core/FP_ARITH_INST_RETIRED.128B_PACKED_SINGLE/,cpu_core/FP_ARITH_INST_RETIRED.256B_PACKED_SINGLE/,cpu_core/L1-dcache-loads/,cpu_core/L1-dcache-stores/,cpu_core/l2_rqsts.references/,cpu_core/l2_rqsts.miss/,cpu_core/mem_load_retired.l3_miss/ -o /home/mihai/aos/workspaces/1780104738_lmg/perf_32.csv -- python turbogator/benchmark.py --desc baseline --t 1024 --c 64 --warmup 3 --steps 5 --out /home/mihai/aos/workspaces/1780104738_lmg/temp_32.json --perf-ctl-fd 5
[Warmup 01/03] 214.686524 s
[Warmup 02/03] 214.208520 s
[Warmup 03/03] 214.194256 s
[Active 01/05] 214.551385 s
[Active 02/05] 214.588544 s
[Active 03/05] 214.571306 s
[Active 04/05] 214.589391 s
[Active 05/05] 214.530943 s

==================================================
[Warmup Phase] (3 steps)
  W01: 214.686524 s
  W02: 214.208520 s
  W03: 214.194256 s
Warmup Drop-off: 1.00x
--------------------------------------------------
[Active Phase] (5 steps)
  S01: 214.551385s
  S02: 214.588544s
  S03: 214.571306s
  S04: 214.589391s
  S05: 214.530943s
--------------------------------------------------
Metrics:
  Mean   + StdDev : 214.566314s + 0.022475s
  Median + IQR/2  : 214.571306s + 0.018579s
  Min / Max       : 214.530943s / 214.589391s
 Var   : 0.01%
==================================================

{'X': {'B': 8, 'T': 1024, 'C_in': 64, 'D': 16}, 'cycles': 536428264505.0}

$ perf stat -C 4 --no-big-num -x , -e unc_m_cas_count_rd,unc_m_cas_count_wr -o /home/mihai/aos/workspaces/1780104738_lmg/dram_48.csv -- taskset -c 4 uv run perf stat --control fd:4 --no-big-num -x , -e cpu_core/cycles/,cpu_core/instructions/,cpu_core/FP_ARITH_INST_RETIRED.SCALAR_SINGLE/,cpu_core/FP_ARITH_INST_RETIRED.128B_PACKED_SINGLE/,cpu_core/FP_ARITH_INST_RETIRED.256B_PACKED_SINGLE/,cpu_core/L1-dcache-loads/,cpu_core/L1-dcache-stores/,cpu_core/l2_rqsts.references/,cpu_core/l2_rqsts.miss/,cpu_core/mem_load_retired.l3_miss/ -o /home/mihai/aos/workspaces/1780104738_lmg/perf_48.csv -- python turbogator/benchmark.py --desc baseline --t 1536 --c 96 --warmup 3 --steps 5 --out /home/mihai/aos/workspaces/1780104738_lmg/temp_48.json --perf-ctl-fd 5
[Warmup 01/03] 368.961990 s
[Warmup 02/03] 368.253991 s
[Warmup 03/03] 368.164734 s
[Active 01/05] 368.928946 s
[Active 02/05] 368.837693 s
[Active 03/05] 368.807429 s
[Active 04/05] 369.040555 s
[Active 05/05] 368.725462 s

==================================================
[Warmup Phase] (3 steps)
  W01: 368.961990 s
  W02: 368.253991 s
  W03: 368.164734 s
Warmup Drop-off: 1.00x
--------------------------------------------------
[Active Phase] (5 steps)
  S01: 368.928946s
  S02: 368.837693s
  S03: 368.807429s
  S04: 369.040555s
  S05: 368.725462s
--------------------------------------------------
Metrics:
  Mean   + StdDev : 368.868017s + 0.108069s
  Median + IQR/2  : 368.837693s + 0.060758s
  Min / Max       : 368.725462s / 369.040555s
 Var   : 0.03%
==================================================

{'X': {'B': 8, 'T': 1536, 'C_in': 96, 'D': 16}, 'cycles': 922094231987.5}

$ perf stat -C 4 --no-big-num -x , -e unc_m_cas_count_rd,unc_m_cas_count_wr -o /home/mihai/aos/workspaces/1780104738_lmg/dram_56.csv -- taskset -c 4 uv run perf stat --control fd:4 --no-big-num -x , -e cpu_core/cycles/,cpu_core/instructions/,cpu_core/FP_ARITH_INST_RETIRED.SCALAR_SINGLE/,cpu_core/FP_ARITH_INST_RETIRED.128B_PACKED_SINGLE/,cpu_core/FP_ARITH_INST_RETIRED.256B_PACKED_SINGLE/,cpu_core/L1-dcache-loads/,cpu_core/L1-dcache-stores/,cpu_core/l2_rqsts.references/,cpu_core/l2_rqsts.miss/,cpu_core/mem_load_retired.l3_miss/ -o /home/mihai/aos/workspaces/1780104738_lmg/perf_56.csv -- python turbogator/benchmark.py --desc baseline --t 1792 --c 112 --warmup 3 --steps 5 --out /home/mihai/aos/workspaces/1780104738_lmg/temp_56.json --perf-ctl-fd 5
[Warmup 01/03] 459.823922 s
[Warmup 02/03] 461.731556 s
[Warmup 03/03] 461.080424 s
[Active 01/05] 462.355249 s
[Active 02/05] 462.747182 s
[Active 03/05] 462.221077 s
[Active 04/05] 462.597764 s
[Active 05/05] 462.483294 s

==================================================
[Warmup Phase] (3 steps)
  W01: 459.823922 s
  W02: 461.731556 s
  W03: 461.080424 s
Warmup Drop-off: 1.00x
--------------------------------------------------
[Active Phase] (5 steps)
  S01: 462.355249s
  S02: 462.747182s
  S03: 462.221077s
  S04: 462.597764s
  S05: 462.483294s
--------------------------------------------------
Metrics:
  Mean   + StdDev : 462.480913s + 0.183229s
  Median + IQR/2  : 462.483294s + 0.121257s
  Min / Max       : 462.221077s / 462.747182s
 Var   : 0.04%
==================================================

{'X': {'B': 8, 'T': 1792, 'C_in': 112, 'D': 16}, 'cycles': 1156208234952.5}

$ perf stat -C 4 --no-big-num -x , -e unc_m_cas_count_rd,unc_m_cas_count_wr -o /home/mihai/aos/workspaces/1780104738_lmg/dram_64.csv -- taskset -c 4 uv run perf stat --control fd:4 --no-big-num -x , -e cpu_core/cycles/,cpu_core/instructions/,cpu_core/FP_ARITH_INST_RETIRED.SCALAR_SINGLE/,cpu_core/FP_ARITH_INST_RETIRED.128B_PACKED_SINGLE/,cpu_core/FP_ARITH_INST_RETIRED.256B_PACKED_SINGLE/,cpu_core/L1-dcache-loads/,cpu_core/L1-dcache-stores/,cpu_core/l2_rqsts.references/,cpu_core/l2_rqsts.miss/,cpu_core/mem_load_retired.l3_miss/ -o /home/mihai/aos/workspaces/1780104738_lmg/perf_64.csv -- python turbogator/benchmark.py --desc baseline --t 2048 --c 128 --warmup 3 --steps 5 --out /home/mihai/aos/workspaces/1780104738_lmg/temp_64.json --perf-ctl-fd 5
[Warmup 01/03] 561.312421 s
[Warmup 02/03] 560.821724 s
[Warmup 03/03] 561.287063 s
[Active 01/05] 562.317643 s
[Active 02/05] 562.304763 s
[Active 03/05] 561.864055 s
[Active 04/05] 562.085142 s
[Active 05/05] 561.820907 s

==================================================
[Warmup Phase] (3 steps)
  W01: 561.312421 s
  W02: 560.821724 s
  W03: 561.287063 s
Warmup Drop-off: 1.00x
--------------------------------------------------
[Active Phase] (5 steps)
  S01: 562.317643s
  S02: 562.304763s
  S03: 561.864055s
  S04: 562.085142s
  S05: 561.820907s
--------------------------------------------------
Metrics:
  Mean   + StdDev : 562.078502s + 0.210128s
  Median + IQR/2  : 562.085142s + 0.220354s
  Min / Max       : 561.820907s / 562.317643s
 Var   : 0.04%
==================================================

{'X': {'B': 8, 'T': 2048, 'C_in': 128, 'D': 16}, 'cycles': 1405212856240.0}
