[17:22:19] Reference worker started for job_id=1777224139_lmg, user=lmg, desc=ezgatr
[17:22:19] Extracting workspace archive...
[17:22:19] Running reference benchmark...
Loaded 11 sizes from config: [16, 32, 64, 96, 128, 192, 256, 384, 512, 768, 1024]
Initializing ezgatr...

--- Starting N = 16 ---
  Doing 3 warmup runs...
  Doing 10 benchmark runs...
  Result: 733374387 cycles (Median 0.9167 sec)

--- Starting N = 32 ---
  Doing 3 warmup runs...
  Doing 10 benchmark runs...
  Result: 1335162260 cycles (Median 1.6690 sec)

--- Starting N = 64 ---
  Doing 3 warmup runs...
  Doing 10 benchmark runs...
  Result: 2610625765 cycles (Median 3.2633 sec)

--- Starting N = 96 ---
  Doing 3 warmup runs...
  Doing 10 benchmark runs...
  Result: 3864837408 cycles (Median 4.8310 sec)

--- Starting N = 128 ---
  Doing 3 warmup runs...
  Doing 10 benchmark runs...
  Result: 5806899111 cycles (Median 7.2586 sec)

--- Starting N = 192 ---
  Doing 3 warmup runs...
  Doing 10 benchmark runs...
  Result: 8555953890 cycles (Median 10.6949 sec)

--- Starting N = 256 ---
  Doing 3 warmup runs...
  Doing 10 benchmark runs...
  Result: 12364616723 cycles (Median 15.4558 sec)

--- Starting N = 384 ---
  Doing 3 warmup runs...
  Doing 10 benchmark runs...
  Result: 19587258451 cycles (Median 24.4841 sec)

--- Starting N = 512 ---
  Doing 3 warmup runs...
  Doing 10 benchmark runs...
  Result: 28009436359 cycles (Median 35.0118 sec)

--- Starting N = 768 ---
  Doing 3 warmup runs...
  Doing 10 benchmark runs...
  Result: 45859455355 cycles (Median 57.3243 sec)

--- Starting N = 1024 ---
  Doing 3 warmup runs...
  Doing 10 benchmark runs...
  Result: 66382314891 cycles (Median 82.9779 sec)

Reference run complete!
$ taskset -c 2 /root/.local/bin/uv run --project /opt/aos/api reference/benchmark_pytorch.py
[18:15:31] Collected reference metrics.
[18:15:31] Reference job completed successfully.
